<?xml version="1.0" encoding="UTF-8"?>
<!-- Generated by org.testng.reporters.JUnitXMLReporter -->
<testsuite ignored="0" hostname="DESKTOP-9LVKJG2" failures="0" tests="3" name="Test" time="51.7" errors="0" timestamp="23 Jul 2023 01:58:52 GMT">
  <testcase classname="org.testdata.TestngNykaa" name="homePage" time="1.05"/>
  <testcase classname="org.testdata.TestngNykaa" name="moveToBabyPowder" time="1.478"/>
  <testcase classname="org.testdata.TestngNykaa" name="addToBag" time="2.404"/>
</testsuite> <!-- Test -->
