<?xml version="1.0" encoding="UTF-8"?>
<testng-results ignored="0" total="3" passed="3" failed="0" skipped="0">
  <reporter-output>
  </reporter-output>
  <suite started-at="2023-07-23T01:58:00Z" name="Suite" finished-at="2023-07-23T01:58:52Z" duration-ms="51700">
    <groups>
    </groups>
    <test started-at="2023-07-23T01:58:00Z" name="Test" finished-at="2023-07-23T01:58:52Z" duration-ms="51700">
      <class name="org.testdata.TestngNykaa">
        <test-method is-config="true" signature="browserLaunch(java.lang.String, java.lang.String)[pri:0, instance:org.testdata.TestngNykaa@1583741e]" started-at="2023-07-23T01:58:00Z" name="browserLaunch" finished-at="2023-07-23T01:58:47Z" duration-ms="46742" status="PASS">
          <params>
            <param index="0">
              <value>
                <![CDATA[chrome]]>
              </value>
            </param>
            <param index="1">
              <value>
                <![CDATA[https://www.nykaa.com/]]>
              </value>
            </param>
          </params>
          <reporter-output>
          </reporter-output>
        </test-method> <!-- browserLaunch -->
        <test-method signature="homePage()[pri:-9, instance:org.testdata.TestngNykaa@1583741e]" started-at="2023-07-23T01:58:47Z" name="homePage" finished-at="2023-07-23T01:58:48Z" duration-ms="1050" status="PASS">
          <reporter-output>
          </reporter-output>
        </test-method> <!-- homePage -->
        <test-method signature="moveToBabyPowder(java.lang.String)[pri:0, instance:org.testdata.TestngNykaa@1583741e]" started-at="2023-07-23T01:58:48Z" name="moveToBabyPowder" finished-at="2023-07-23T01:58:50Z" duration-ms="1478" status="PASS">
          <params>
            <param index="0">
              <value>
                <![CDATA[Himalaya Baby Powder: Buy]]>
              </value>
            </param>
          </params>
          <reporter-output>
          </reporter-output>
        </test-method> <!-- moveToBabyPowder -->
        <test-method signature="addToBag(java.lang.String, java.lang.String)[pri:1, instance:org.testdata.TestngNykaa@1583741e]" started-at="2023-07-23T01:58:50Z" name="addToBag" finished-at="2023-07-23T01:58:52Z" duration-ms="2404" status="PASS">
          <params>
            <param index="0">
              <value>
                <![CDATA[Shop For The Best Baby Powder]]>
              </value>
            </param>
            <param index="1">
              <value>
                <![CDATA[200g]]>
              </value>
            </param>
          </params>
          <reporter-output>
          </reporter-output>
        </test-method> <!-- addToBag -->
      </class> <!-- org.testdata.TestngNykaa -->
    </test> <!-- Test -->
  </suite> <!-- Suite -->
</testng-results>
